
=== OUTBOUND WHATSAPP MESSAGE ===
TO: +919999999999
BODY:
Hey! Welcome to PropertyOS.

📷 Send me photos of the property in any order.
✍️ Send text details like price, BHK configuration, area, city, and amenities.

Type *DONE* when you are ready to publish, or *CANCEL* to discard.
=================================


=== OUTBOUND WHATSAPP MESSAGE ===
TO: +919999999999
BODY:
Hey! Welcome to PropertyOS.

📷 Send me photos of the property in any order.
✍️ Send text details like price, BHK configuration, area, city, and amenities.

Type *DONE* when you are ready to publish, or *CANCEL* to discard.
=================================


=== OUTBOUND WHATSAPP MESSAGE ===
TO: +919370931691
BODY:
⚡ *New Lead - WhatsApp Click*
👤 *Name:* sanika
📞 *Phone:* 8855023247

🏡 *Listing:* Grand Himachal
💵 *Price:* ₹5,000,000.00
🔗 *Listing Link:* http://localhost:3000/p/grand-himachal-idtf99

📞 *Call them within 5 minutes — fastest broker wins.*
=================================


=== OUTBOUND WHATSAPP MESSAGE ===
TO: +919370931691
BODY:
⚡ *New Lead - WhatsApp Click*
👤 *Name:* sanika
📞 *Phone:* 8855023247

🏡 *Listing:* Grand Himachal
💵 *Price:* ₹5,000,000.00
🔗 *Listing Link:* http://localhost:3000/p/grand-himachal-idtf99

📞 *Call them within 5 minutes — fastest broker wins.*
=================================


=== OUTBOUND WHATSAPP MESSAGE ===
TO: +919370931691
BODY:
Hey! Welcome to PropertyOS.

📷 Send me photos of the property in any order.
✍️ Send text details like price, BHK configuration, area, city, and amenities.

Type *DONE* when you are ready to publish, or *CANCEL* to discard.
=================================


=== OUTBOUND WHATSAPP MESSAGE ===
TO: +919370931691
BODY:
Parsed details:
• Locality: *Local Area*
• Type: *APARTMENT*


Send more photos, text details, or type *DONE* to publish.
=================================


=== OUTBOUND WHATSAPP MESSAGE ===
TO: +919370931691
BODY:
Parsed details:
• Locality: *Local Area*
• Type: *APARTMENT*


Send more photos, text details, or type *DONE* to publish.
=================================

